[handleMsg]:  {
  type: 'text',
  from: '34602395774',
  to: '15550289065',
  body: 'Holshh'
}
[handleMsg]:  {
  type: 'text',
  from: '34602395774',
  to: '15550289065',
  body: 'Ubicación'
}
[handleMsg]:  {
  type: 'text',
  from: '34602395774',
  to: '15550289065',
  body: 'Jajjfbs'
}
[handleMsg]:  {
  type: 'text',
  from: '34602395774',
  to: '15550289065',
  body: 'Botones'
}
[handleMsg]:  {
  type: 'text',
  from: '34602395774',
  to: '15550289065',
  body: 'Jajbedb'
}
[handleMsg]:  {
  type: 'text',
  from: '34602395774',
  to: '15550289065',
  body: 'Lista Interactiva'
}
[handleMsg]:  {
  type: 'interactive',
  from: '34602395774',
  to: '15550289065',
  body: 'section-1-1',
  title_list_reply: 'Row Title 1'
}
[handleMsg]:  {
  type: 'text',
  from: '34602395774',
  to: '15550289065',
  body: 'Ubicación'
}
[handleMsg]:  { type: 'text', from: '34602395774', to: '15550289065', body: 'Nana' }
[handleMsg]:  {
  type: 'text',
  from: '34602395774',
  to: '15550289065',
  body: 'Botones'
}
[handleMsg]:  {
  type: 'interactive',
  from: '34602395774',
  to: '15550289065',
  body: 'Botón 2',
  title_list_reply: undefined
}
